{"C:\\Users\\Thomas\\OneDrive\\Bureau\\Open\\bill-app\\Billed-app-FR-Front\\src\\constants\\routes.js": {"path":"C:\\Users\\Thomas\\OneDrive\\Bureau\\Open\\bill-app\\Billed-app-FR-Front\\src\\constants\\routes.js","statementMap":{"0":{"start":{"line":6,"column":27},"end":{"line":11,"column":1}},"1":{"start":{"line":13,"column":22},"end":{"line":26,"column":1}},"2":{"start":{"line":14,"column":2},"end":{"line":25,"column":3}},"3":{"start":{"line":16,"column":6},"end":{"line":16,"column":46}},"4":{"start":{"line":18,"column":6},"end":{"line":18,"column":46}},"5":{"start":{"line":20,"column":6},"end":{"line":20,"column":24}},"6":{"start":{"line":22,"column":6},"end":{"line":22,"column":50}},"7":{"start":{"line":24,"column":6},"end":{"line":24,"column":46}}},"fnMap":{"0":{"name":"(anonymous_0)","decl":{"start":{"line":13,"column":22},"end":{"line":13,"column":23}},"loc":{"start":{"line":13,"column":62},"end":{"line":26,"column":1}},"line":13}},"branchMap":{"0":{"loc":{"start":{"line":14,"column":2},"end":{"line":25,"column":3}},"type":"switch","locations":[{"start":{"line":15,"column":4},"end":{"line":16,"column":46}},{"start":{"line":17,"column":4},"end":{"line":18,"column":46}},{"start":{"line":19,"column":4},"end":{"line":20,"column":24}},{"start":{"line":21,"column":4},"end":{"line":22,"column":50}},{"start":{"line":23,"column":4},"end":{"line":24,"column":46}}],"line":14}},"s":{"0":6,"1":6,"2":39,"3":10,"4":9,"5":1,"6":18,"7":1},"f":{"0":39},"b":{"0":[10,9,1,18,1]},"_coverageSchema":"1a1c01bbd47fc00a2c39e90264f33305004495a9","hash":"cd056607ff8c5ddcbf65c6471ebaae254d32fa06"}
,"C:\\Users\\Thomas\\OneDrive\\Bureau\\Open\\bill-app\\Billed-app-FR-Front\\src\\constants\\usersTest.js": {"path":"C:\\Users\\Thomas\\OneDrive\\Bureau\\Open\\bill-app\\Billed-app-FR-Front\\src\\constants\\usersTest.js","statementMap":{},"fnMap":{},"branchMap":{},"s":{},"f":{},"b":{},"_coverageSchema":"1a1c01bbd47fc00a2c39e90264f33305004495a9","hash":"c9b1c93ab031fa488ac42c50079ae1c00e3986d8"}
,"C:\\Users\\Thomas\\OneDrive\\Bureau\\Open\\bill-app\\Billed-app-FR-Front\\src\\containers\\Bills.js": {"path":"C:\\Users\\Thomas\\OneDrive\\Bureau\\Open\\bill-app\\Billed-app-FR-Front\\src\\containers\\Bills.js","statementMap":{"0":{"start":{"line":7,"column":4},"end":{"line":7,"column":28}},"1":{"start":{"line":8,"column":4},"end":{"line":8,"column":32}},"2":{"start":{"line":9,"column":4},"end":{"line":9,"column":22}},"3":{"start":{"line":10,"column":26},"end":{"line":10,"column":86}},"4":{"start":{"line":11,"column":4},"end":{"line":11,"column":87}},"5":{"start":{"line":11,"column":23},"end":{"line":11,"column":87}},"6":{"start":{"line":12,"column":20},"end":{"line":12,"column":76}},"7":{"start":{"line":13,"column":4},"end":{"line":15,"column":6}},"8":{"start":{"line":13,"column":17},"end":{"line":15,"column":6}},"9":{"start":{"line":14,"column":6},"end":{"line":14,"column":73}},"10":{"start":{"line":14,"column":43},"end":{"line":14,"column":72}},"11":{"start":{"line":16,"column":4},"end":{"line":16,"column":54}},"12":{"start":{"line":19,"column":23},"end":{"line":21,"column":3}},"13":{"start":{"line":20,"column":4},"end":{"line":20,"column":43}},"14":{"start":{"line":22,"column":23},"end":{"line":32,"column":3}},"15":{"start":{"line":23,"column":20},"end":{"line":23,"column":54}},"16":{"start":{"line":24,"column":21},"end":{"line":24,"column":63}},"17":{"start":{"line":26,"column":4},"end":{"line":31,"column":5}},"18":{"start":{"line":27,"column":6},"end":{"line":27,"column":171}},"19":{"start":{"line":28,"column":6},"end":{"line":28,"column":37}},"20":{"start":{"line":30,"column":6},"end":{"line":30,"column":52}},"21":{"start":{"line":34,"column":13},"end":{"line":64,"column":3}},"22":{"start":{"line":35,"column":4},"end":{"line":63,"column":5}},"23":{"start":{"line":36,"column":6},"end":{"line":62,"column":8}},"24":{"start":{"line":40,"column":22},"end":{"line":58,"column":12}},"25":{"start":{"line":40,"column":46},"end":{"line":40,"column":90}},"26":{"start":{"line":42,"column":12},"end":{"line":57,"column":13}},"27":{"start":{"line":43,"column":14},"end":{"line":47,"column":15}},"28":{"start":{"line":51,"column":14},"end":{"line":51,"column":38}},"29":{"start":{"line":52,"column":14},"end":{"line":56,"column":15}},"30":{"start":{"line":59,"column":10},"end":{"line":59,"column":29}},"31":{"start":{"line":60,"column":10},"end":{"line":60,"column":45}},"32":{"start":{"line":61,"column":8},"end":{"line":61,"column":20}}},"fnMap":{"0":{"name":"(anonymous_0)","decl":{"start":{"line":6,"column":2},"end":{"line":6,"column":3}},"loc":{"start":{"line":6,"column":61},"end":{"line":17,"column":3}},"line":6},"1":{"name":"(anonymous_1)","decl":{"start":{"line":13,"column":33},"end":{"line":13,"column":34}},"loc":{"start":{"line":13,"column":41},"end":{"line":15,"column":5}},"line":13},"2":{"name":"(anonymous_2)","decl":{"start":{"line":14,"column":37},"end":{"line":14,"column":38}},"loc":{"start":{"line":14,"column":43},"end":{"line":14,"column":72}},"line":14},"3":{"name":"(anonymous_3)","decl":{"start":{"line":19,"column":23},"end":{"line":19,"column":24}},"loc":{"start":{"line":19,"column":29},"end":{"line":21,"column":3}},"line":19},"4":{"name":"(anonymous_4)","decl":{"start":{"line":22,"column":23},"end":{"line":22,"column":24}},"loc":{"start":{"line":22,"column":33},"end":{"line":32,"column":3}},"line":22},"5":{"name":"(anonymous_5)","decl":{"start":{"line":34,"column":13},"end":{"line":34,"column":14}},"loc":{"start":{"line":34,"column":19},"end":{"line":64,"column":3}},"line":34},"6":{"name":"(anonymous_6)","decl":{"start":{"line":39,"column":12},"end":{"line":39,"column":13}},"loc":{"start":{"line":39,"column":24},"end":{"line":62,"column":7}},"line":39},"7":{"name":"(anonymous_7)","decl":{"start":{"line":40,"column":36},"end":{"line":40,"column":37}},"loc":{"start":{"line":40,"column":46},"end":{"line":40,"column":90}},"line":40},"8":{"name":"(anonymous_8)","decl":{"start":{"line":41,"column":15},"end":{"line":41,"column":16}},"loc":{"start":{"line":41,"column":22},"end":{"line":58,"column":11}},"line":41}},"branchMap":{"0":{"loc":{"start":{"line":11,"column":4},"end":{"line":11,"column":87}},"type":"if","locations":[{"start":{"line":11,"column":4},"end":{"line":11,"column":87}},{"start":{"line":11,"column":4},"end":{"line":11,"column":87}}],"line":11},"1":{"loc":{"start":{"line":13,"column":4},"end":{"line":15,"column":6}},"type":"if","locations":[{"start":{"line":13,"column":4},"end":{"line":15,"column":6}},{"start":{"line":13,"column":4},"end":{"line":15,"column":6}}],"line":13},"2":{"loc":{"start":{"line":26,"column":4},"end":{"line":31,"column":5}},"type":"if","locations":[{"start":{"line":26,"column":4},"end":{"line":31,"column":5}},{"start":{"line":26,"column":4},"end":{"line":31,"column":5}}],"line":26},"3":{"loc":{"start":{"line":35,"column":4},"end":{"line":63,"column":5}},"type":"if","locations":[{"start":{"line":35,"column":4},"end":{"line":63,"column":5}},{"start":{"line":35,"column":4},"end":{"line":63,"column":5}}],"line":35},"4":{"loc":{"start":{"line":40,"column":46},"end":{"line":40,"column":90}},"type":"cond-expr","locations":[{"start":{"line":40,"column":84},"end":{"line":40,"column":85}},{"start":{"line":40,"column":88},"end":{"line":40,"column":90}}],"line":40}},"s":{"0":5,"1":5,"2":5,"3":5,"4":5,"5":4,"6":5,"7":5,"8":5,"9":16,"10":1,"11":5,"12":5,"13":0,"14":5,"15":1,"16":1,"17":1,"18":1,"19":1,"20":0,"21":5,"22":4,"23":4,"24":1,"25":6,"26":4,"27":4,"28":0,"29":0,"30":1,"31":1,"32":1},"f":{"0":5,"1":16,"2":1,"3":0,"4":1,"5":4,"6":1,"7":6,"8":4},"b":{"0":[4,1],"1":[5,0],"2":[1,0],"3":[4,0],"4":[3,3]},"_coverageSchema":"1a1c01bbd47fc00a2c39e90264f33305004495a9","hash":"a3ccda0cd7bbb7456bb753d215af8988d9395b4a"}
,"C:\\Users\\Thomas\\OneDrive\\Bureau\\Open\\bill-app\\Billed-app-FR-Front\\src\\containers\\Dashboard.js": {"path":"C:\\Users\\Thomas\\OneDrive\\Bureau\\Open\\bill-app\\Billed-app-FR-Front\\src\\containers\\Dashboard.js","statementMap":{"0":{"start":{"line":8,"column":29},"end":{"line":28,"column":1}},"1":{"start":{"line":9,"column":2},"end":{"line":27,"column":9}},"2":{"start":{"line":14,"column":8},"end":{"line":23,"column":9}},"3":{"start":{"line":15,"column":10},"end":{"line":15,"column":51}},"4":{"start":{"line":20,"column":10},"end":{"line":22,"column":61}},"5":{"start":{"line":25,"column":8},"end":{"line":25,"column":31}},"6":{"start":{"line":30,"column":20},"end":{"line":57,"column":1}},"7":{"start":{"line":31,"column":28},"end":{"line":31,"column":52}},"8":{"start":{"line":32,"column":20},"end":{"line":34,"column":8}},"9":{"start":{"line":35,"column":19},"end":{"line":37,"column":23}},"10":{"start":{"line":39,"column":2},"end":{"line":56,"column":4}},"11":{"start":{"line":59,"column":21},"end":{"line":61,"column":1}},"12":{"start":{"line":60,"column":2},"end":{"line":60,"column":79}},"13":{"start":{"line":60,"column":53},"end":{"line":60,"column":63}},"14":{"start":{"line":63,"column":25},"end":{"line":72,"column":1}},"15":{"start":{"line":64,"column":2},"end":{"line":71,"column":3}},"16":{"start":{"line":66,"column":6},"end":{"line":66,"column":23}},"17":{"start":{"line":68,"column":6},"end":{"line":68,"column":24}},"18":{"start":{"line":70,"column":6},"end":{"line":70,"column":23}},"19":{"start":{"line":76,"column":4},"end":{"line":76,"column":29}},"20":{"start":{"line":77,"column":4},"end":{"line":77,"column":33}},"21":{"start":{"line":78,"column":4},"end":{"line":78,"column":23}},"22":{"start":{"line":79,"column":4},"end":{"line":79,"column":78}},"23":{"start":{"line":79,"column":41},"end":{"line":79,"column":76}},"24":{"start":{"line":80,"column":4},"end":{"line":80,"column":78}},"25":{"start":{"line":80,"column":41},"end":{"line":80,"column":76}},"26":{"start":{"line":81,"column":4},"end":{"line":81,"column":78}},"27":{"start":{"line":81,"column":41},"end":{"line":81,"column":76}},"28":{"start":{"line":82,"column":4},"end":{"line":82,"column":45}},"29":{"start":{"line":85,"column":23},"end":{"line":95,"column":3}},"30":{"start":{"line":87,"column":20},"end":{"line":87,"column":58}},"31":{"start":{"line":88,"column":21},"end":{"line":88,"column":69}},"32":{"start":{"line":89,"column":4},"end":{"line":89,"column":144}},"33":{"start":{"line":90,"column":4},"end":{"line":93,"column":5}},"34":{"start":{"line":92,"column":6},"end":{"line":92,"column":13}},"35":{"start":{"line":94,"column":4},"end":{"line":94,"column":96}},"36":{"start":{"line":94,"column":60},"end":{"line":94,"column":96}},"37":{"start":{"line":98,"column":4},"end":{"line":98,"column":76}},"38":{"start":{"line":98,"column":59},"end":{"line":98,"column":76}},"39":{"start":{"line":99,"column":4},"end":{"line":99,"column":72}},"40":{"start":{"line":99,"column":54},"end":{"line":99,"column":72}},"41":{"start":{"line":100,"column":4},"end":{"line":116,"column":5}},"42":{"start":{"line":101,"column":6},"end":{"line":103,"column":9}},"43":{"start":{"line":102,"column":8},"end":{"line":102,"column":62}},"44":{"start":{"line":104,"column":6},"end":{"line":104,"column":63}},"45":{"start":{"line":105,"column":6},"end":{"line":105,"column":70}},"46":{"start":{"line":106,"column":6},"end":{"line":106,"column":53}},"47":{"start":{"line":107,"column":6},"end":{"line":107,"column":21}},"48":{"start":{"line":109,"column":6},"end":{"line":109,"column":63}},"49":{"start":{"line":111,"column":6},"end":{"line":113,"column":9}},"50":{"start":{"line":114,"column":6},"end":{"line":114,"column":53}},"51":{"start":{"line":115,"column":6},"end":{"line":115,"column":21}},"52":{"start":{"line":117,"column":4},"end":{"line":117,"column":58}},"53":{"start":{"line":118,"column":4},"end":{"line":118,"column":79}},"54":{"start":{"line":118,"column":45},"end":{"line":118,"column":77}},"55":{"start":{"line":119,"column":4},"end":{"line":119,"column":79}},"56":{"start":{"line":119,"column":45},"end":{"line":119,"column":77}},"57":{"start":{"line":121,"column":4},"end":{"line":123,"column":5}},"58":{"start":{"line":122,"column":6},"end":{"line":122,"column":55}},"59":{"start":{"line":126,"column":23},"end":{"line":134,"column":3}},"60":{"start":{"line":127,"column":20},"end":{"line":131,"column":5}},"61":{"start":{"line":132,"column":4},"end":{"line":132,"column":29}},"62":{"start":{"line":133,"column":4},"end":{"line":133,"column":46}},"63":{"start":{"line":136,"column":23},"end":{"line":144,"column":3}},"64":{"start":{"line":137,"column":20},"end":{"line":141,"column":5}},"65":{"start":{"line":142,"column":4},"end":{"line":142,"column":29}},"66":{"start":{"line":143,"column":4},"end":{"line":143,"column":46}},"67":{"start":{"line":147,"column":4},"end":{"line":147,"column":77}},"68":{"start":{"line":147,"column":60},"end":{"line":147,"column":77}},"69":{"start":{"line":148,"column":4},"end":{"line":148,"column":77}},"70":{"start":{"line":148,"column":58},"end":{"line":148,"column":77}},"71":{"start":{"line":149,"column":4},"end":{"line":159,"column":5}},"72":{"start":{"line":150,"column":6},"end":{"line":150,"column":71}},"73":{"start":{"line":151,"column":6},"end":{"line":153,"column":8}},"74":{"start":{"line":154,"column":6},"end":{"line":154,"column":21}},"75":{"start":{"line":156,"column":6},"end":{"line":156,"column":72}},"76":{"start":{"line":157,"column":6},"end":{"line":157,"column":57}},"77":{"start":{"line":158,"column":6},"end":{"line":158,"column":21}},"78":{"start":{"line":161,"column":4},"end":{"line":165,"column":7}},"79":{"start":{"line":162,"column":6},"end":{"line":164,"column":67}},"80":{"start":{"line":164,"column":28},"end":{"line":164,"column":65}},"81":{"start":{"line":167,"column":4},"end":{"line":167,"column":17}},"82":{"start":{"line":170,"column":21},"end":{"line":188,"column":3}},"83":{"start":{"line":171,"column":4},"end":{"line":187,"column":5}},"84":{"start":{"line":172,"column":6},"end":{"line":186,"column":11}},"85":{"start":{"line":176,"column":24},"end":{"line":181,"column":13}},"86":{"start":{"line":176,"column":47},"end":{"line":181,"column":11}},"87":{"start":{"line":182,"column":10},"end":{"line":182,"column":23}},"88":{"start":{"line":185,"column":10},"end":{"line":185,"column":22}}},"fnMap":{"0":{"name":"(anonymous_0)","decl":{"start":{"line":8,"column":29},"end":{"line":8,"column":30}},"loc":{"start":{"line":8,"column":47},"end":{"line":28,"column":1}},"line":8},"1":{"name":"(anonymous_1)","decl":{"start":{"line":10,"column":18},"end":{"line":10,"column":19}},"loc":{"start":{"line":10,"column":28},"end":{"line":26,"column":7}},"line":10},"2":{"name":"(anonymous_2)","decl":{"start":{"line":30,"column":20},"end":{"line":30,"column":21}},"loc":{"start":{"line":30,"column":30},"end":{"line":57,"column":1}},"line":30},"3":{"name":"(anonymous_3)","decl":{"start":{"line":59,"column":21},"end":{"line":59,"column":22}},"loc":{"start":{"line":59,"column":32},"end":{"line":61,"column":1}},"line":59},"4":{"name":"(anonymous_4)","decl":{"start":{"line":60,"column":43},"end":{"line":60,"column":44}},"loc":{"start":{"line":60,"column":53},"end":{"line":60,"column":63}},"line":60},"5":{"name":"(anonymous_5)","decl":{"start":{"line":63,"column":25},"end":{"line":63,"column":26}},"loc":{"start":{"line":63,"column":36},"end":{"line":72,"column":1}},"line":63},"6":{"name":"(anonymous_6)","decl":{"start":{"line":75,"column":2},"end":{"line":75,"column":3}},"loc":{"start":{"line":75,"column":68},"end":{"line":83,"column":3}},"line":75},"7":{"name":"(anonymous_7)","decl":{"start":{"line":79,"column":34},"end":{"line":79,"column":35}},"loc":{"start":{"line":79,"column":41},"end":{"line":79,"column":76}},"line":79},"8":{"name":"(anonymous_8)","decl":{"start":{"line":80,"column":34},"end":{"line":80,"column":35}},"loc":{"start":{"line":80,"column":41},"end":{"line":80,"column":76}},"line":80},"9":{"name":"(anonymous_9)","decl":{"start":{"line":81,"column":34},"end":{"line":81,"column":35}},"loc":{"start":{"line":81,"column":41},"end":{"line":81,"column":76}},"line":81},"10":{"name":"(anonymous_10)","decl":{"start":{"line":85,"column":23},"end":{"line":85,"column":24}},"loc":{"start":{"line":85,"column":29},"end":{"line":95,"column":3}},"line":85},"11":{"name":"(anonymous_11)","decl":{"start":{"line":97,"column":2},"end":{"line":97,"column":3}},"loc":{"start":{"line":97,"column":35},"end":{"line":124,"column":3}},"line":97},"12":{"name":"(anonymous_12)","decl":{"start":{"line":101,"column":20},"end":{"line":101,"column":21}},"loc":{"start":{"line":101,"column":27},"end":{"line":103,"column":7}},"line":101},"13":{"name":"(anonymous_13)","decl":{"start":{"line":118,"column":38},"end":{"line":118,"column":39}},"loc":{"start":{"line":118,"column":45},"end":{"line":118,"column":77}},"line":118},"14":{"name":"(anonymous_14)","decl":{"start":{"line":119,"column":38},"end":{"line":119,"column":39}},"loc":{"start":{"line":119,"column":45},"end":{"line":119,"column":77}},"line":119},"15":{"name":"(anonymous_15)","decl":{"start":{"line":126,"column":23},"end":{"line":126,"column":24}},"loc":{"start":{"line":126,"column":36},"end":{"line":134,"column":3}},"line":126},"16":{"name":"(anonymous_16)","decl":{"start":{"line":136,"column":23},"end":{"line":136,"column":24}},"loc":{"start":{"line":136,"column":36},"end":{"line":144,"column":3}},"line":136},"17":{"name":"(anonymous_17)","decl":{"start":{"line":146,"column":2},"end":{"line":146,"column":3}},"loc":{"start":{"line":146,"column":37},"end":{"line":168,"column":3}},"line":146},"18":{"name":"(anonymous_18)","decl":{"start":{"line":161,"column":18},"end":{"line":161,"column":19}},"loc":{"start":{"line":161,"column":28},"end":{"line":165,"column":5}},"line":161},"19":{"name":"(anonymous_19)","decl":{"start":{"line":164,"column":21},"end":{"line":164,"column":22}},"loc":{"start":{"line":164,"column":28},"end":{"line":164,"column":65}},"line":164},"20":{"name":"(anonymous_20)","decl":{"start":{"line":170,"column":21},"end":{"line":170,"column":22}},"loc":{"start":{"line":170,"column":27},"end":{"line":188,"column":3}},"line":170},"21":{"name":"(anonymous_21)","decl":{"start":{"line":175,"column":14},"end":{"line":175,"column":15}},"loc":{"start":{"line":175,"column":28},"end":{"line":183,"column":9}},"line":175},"22":{"name":"(anonymous_22)","decl":{"start":{"line":176,"column":37},"end":{"line":176,"column":38}},"loc":{"start":{"line":176,"column":47},"end":{"line":181,"column":11}},"line":176},"23":{"name":"(anonymous_23)","decl":{"start":{"line":184,"column":15},"end":{"line":184,"column":16}},"loc":{"start":{"line":184,"column":26},"end":{"line":186,"column":9}},"line":184}},"branchMap":{"0":{"loc":{"start":{"line":9,"column":9},"end":{"line":27,"column":8}},"type":"cond-expr","locations":[{"start":{"line":10,"column":6},"end":{"line":26,"column":8}},{"start":{"line":27,"column":6},"end":{"line":27,"column":8}}],"line":9},"1":{"loc":{"start":{"line":9,"column":9},"end":{"line":9,"column":28}},"type":"binary-expr","locations":[{"start":{"line":9,"column":9},"end":{"line":9,"column":13}},{"start":{"line":9,"column":17},"end":{"line":9,"column":28}}],"line":9},"2":{"loc":{"start":{"line":14,"column":8},"end":{"line":23,"column":9}},"type":"if","locations":[{"start":{"line":14,"column":8},"end":{"line":23,"column":9}},{"start":{"line":14,"column":8},"end":{"line":23,"column":9}}],"line":14},"3":{"loc":{"start":{"line":21,"column":12},"end":{"line":22,"column":60}},"type":"binary-expr","locations":[{"start":{"line":21,"column":12},"end":{"line":21,"column":34}},{"start":{"line":22,"column":12},"end":{"line":22,"column":60}}],"line":21},"4":{"loc":{"start":{"line":32,"column":20},"end":{"line":34,"column":8}},"type":"cond-expr","locations":[{"start":{"line":33,"column":6},"end":{"line":33,"column":37}},{"start":{"line":34,"column":6},"end":{"line":34,"column":8}}],"line":32},"5":{"loc":{"start":{"line":35,"column":19},"end":{"line":37,"column":23}},"type":"cond-expr","locations":[{"start":{"line":36,"column":6},"end":{"line":36,"column":37}},{"start":{"line":37,"column":6},"end":{"line":37,"column":23}}],"line":35},"6":{"loc":{"start":{"line":60,"column":9},"end":{"line":60,"column":78}},"type":"cond-expr","locations":[{"start":{"line":60,"column":33},"end":{"line":60,"column":73}},{"start":{"line":60,"column":76},"end":{"line":60,"column":78}}],"line":60},"7":{"loc":{"start":{"line":60,"column":9},"end":{"line":60,"column":30}},"type":"binary-expr","locations":[{"start":{"line":60,"column":9},"end":{"line":60,"column":14}},{"start":{"line":60,"column":18},"end":{"line":60,"column":30}}],"line":60},"8":{"loc":{"start":{"line":64,"column":2},"end":{"line":71,"column":3}},"type":"switch","locations":[{"start":{"line":65,"column":4},"end":{"line":66,"column":23}},{"start":{"line":67,"column":4},"end":{"line":68,"column":24}},{"start":{"line":69,"column":4},"end":{"line":70,"column":23}}],"line":64},"9":{"loc":{"start":{"line":90,"column":4},"end":{"line":93,"column":5}},"type":"if","locations":[{"start":{"line":90,"column":4},"end":{"line":93,"column":5}},{"start":{"line":90,"column":4},"end":{"line":93,"column":5}}],"line":90},"10":{"loc":{"start":{"line":94,"column":4},"end":{"line":94,"column":96}},"type":"if","locations":[{"start":{"line":94,"column":4},"end":{"line":94,"column":96}},{"start":{"line":94,"column":4},"end":{"line":94,"column":96}}],"line":94},"11":{"loc":{"start":{"line":98,"column":4},"end":{"line":98,"column":76}},"type":"if","locations":[{"start":{"line":98,"column":4},"end":{"line":98,"column":76}},{"start":{"line":98,"column":4},"end":{"line":98,"column":76}}],"line":98},"12":{"loc":{"start":{"line":98,"column":8},"end":{"line":98,"column":57}},"type":"binary-expr","locations":[{"start":{"line":98,"column":8},"end":{"line":98,"column":34}},{"start":{"line":98,"column":38},"end":{"line":98,"column":57}}],"line":98},"13":{"loc":{"start":{"line":99,"column":4},"end":{"line":99,"column":72}},"type":"if","locations":[{"start":{"line":99,"column":4},"end":{"line":99,"column":72}},{"start":{"line":99,"column":4},"end":{"line":99,"column":72}}],"line":99},"14":{"loc":{"start":{"line":99,"column":8},"end":{"line":99,"column":52}},"type":"binary-expr","locations":[{"start":{"line":99,"column":8},"end":{"line":99,"column":29}},{"start":{"line":99,"column":33},"end":{"line":99,"column":52}}],"line":99},"15":{"loc":{"start":{"line":100,"column":4},"end":{"line":116,"column":5}},"type":"if","locations":[{"start":{"line":100,"column":4},"end":{"line":116,"column":5}},{"start":{"line":100,"column":4},"end":{"line":116,"column":5}}],"line":100},"16":{"loc":{"start":{"line":121,"column":4},"end":{"line":123,"column":5}},"type":"if","locations":[{"start":{"line":121,"column":4},"end":{"line":123,"column":5}},{"start":{"line":121,"column":4},"end":{"line":123,"column":5}}],"line":121},"17":{"loc":{"start":{"line":147,"column":4},"end":{"line":147,"column":77}},"type":"if","locations":[{"start":{"line":147,"column":4},"end":{"line":147,"column":77}},{"start":{"line":147,"column":4},"end":{"line":147,"column":77}}],"line":147},"18":{"loc":{"start":{"line":147,"column":8},"end":{"line":147,"column":58}},"type":"binary-expr","locations":[{"start":{"line":147,"column":8},"end":{"line":147,"column":34}},{"start":{"line":147,"column":38},"end":{"line":147,"column":58}}],"line":147},"19":{"loc":{"start":{"line":148,"column":4},"end":{"line":148,"column":77}},"type":"if","locations":[{"start":{"line":148,"column":4},"end":{"line":148,"column":77}},{"start":{"line":148,"column":4},"end":{"line":148,"column":77}}],"line":148},"20":{"loc":{"start":{"line":148,"column":8},"end":{"line":148,"column":56}},"type":"binary-expr","locations":[{"start":{"line":148,"column":8},"end":{"line":148,"column":32}},{"start":{"line":148,"column":36},"end":{"line":148,"column":56}}],"line":148},"21":{"loc":{"start":{"line":149,"column":4},"end":{"line":159,"column":5}},"type":"if","locations":[{"start":{"line":149,"column":4},"end":{"line":159,"column":5}},{"start":{"line":149,"column":4},"end":{"line":159,"column":5}}],"line":149},"22":{"loc":{"start":{"line":171,"column":4},"end":{"line":187,"column":5}},"type":"if","locations":[{"start":{"line":171,"column":4},"end":{"line":187,"column":5}},{"start":{"line":171,"column":4},"end":{"line":187,"column":5}}],"line":171}},"s":{"0":6,"1":44,"2":104,"3":104,"4":0,"5":104,"6":6,"7":6,"8":6,"9":6,"10":6,"11":6,"12":6,"13":6,"14":6,"15":5,"16":3,"17":1,"18":1,"19":17,"20":17,"21":17,"22":17,"23":0,"24":17,"25":0,"26":17,"27":0,"28":17,"29":17,"30":1,"31":1,"32":1,"33":1,"34":0,"35":1,"36":0,"37":3,"38":2,"39":3,"40":2,"41":3,"42":2,"43":8,"44":2,"45":2,"46":2,"47":2,"48":1,"49":1,"50":1,"51":1,"52":3,"53":3,"54":0,"55":3,"56":0,"57":3,"58":0,"59":17,"60":1,"61":1,"62":1,"63":17,"64":1,"65":1,"66":1,"67":5,"68":5,"69":5,"70":5,"71":5,"72":5,"73":5,"74":5,"75":0,"76":0,"77":0,"78":5,"79":20,"80":3,"81":5,"82":17,"83":8,"84":8,"85":3,"86":12,"87":3,"88":5},"f":{"0":44,"1":104,"2":6,"3":6,"4":6,"5":5,"6":17,"7":0,"8":0,"9":0,"10":1,"11":3,"12":8,"13":0,"14":0,"15":1,"16":1,"17":5,"18":20,"19":3,"20":8,"21":3,"22":12,"23":5},"b":{"0":[26,18],"1":[44,26],"2":[104,0],"3":[0,0],"4":[0,6],"5":[0,6],"6":[5,1],"7":[6,6],"8":[3,1,1],"9":[0,1],"10":[0,1],"11":[2,1],"12":[3,3],"13":[2,1],"14":[3,1],"15":[2,1],"16":[0,3],"17":[5,0],"18":[5,2],"19":[5,0],"20":[5,2],"21":[5,0],"22":[8,0]},"_coverageSchema":"1a1c01bbd47fc00a2c39e90264f33305004495a9","hash":"2f9e86f0ceb277bf9e3cfff63a98f13e1093383f"}
,"C:\\Users\\Thomas\\OneDrive\\Bureau\\Open\\bill-app\\Billed-app-FR-Front\\src\\containers\\Login.js": {"path":"C:\\Users\\Thomas\\OneDrive\\Bureau\\Open\\bill-app\\Billed-app-FR-Front\\src\\containers\\Login.js","statementMap":{"0":{"start":{"line":3,"column":31},"end":{"line":3,"column":33}},"1":{"start":{"line":8,"column":4},"end":{"line":8,"column":28}},"2":{"start":{"line":9,"column":4},"end":{"line":9,"column":36}},"3":{"start":{"line":10,"column":4},"end":{"line":10,"column":32}},"4":{"start":{"line":11,"column":4},"end":{"line":11,"column":46}},"5":{"start":{"line":12,"column":4},"end":{"line":12,"column":22}},"6":{"start":{"line":13,"column":25},"end":{"line":13,"column":89}},"7":{"start":{"line":14,"column":4},"end":{"line":14,"column":70}},"8":{"start":{"line":15,"column":22},"end":{"line":15,"column":83}},"9":{"start":{"line":16,"column":4},"end":{"line":16,"column":64}},"10":{"start":{"line":18,"column":25},"end":{"line":38,"column":3}},"11":{"start":{"line":19,"column":4},"end":{"line":19,"column":22}},"12":{"start":{"line":20,"column":17},"end":{"line":25,"column":5}},"13":{"start":{"line":26,"column":4},"end":{"line":26,"column":59}},"14":{"start":{"line":27,"column":4},"end":{"line":36,"column":8}},"15":{"start":{"line":29,"column":17},"end":{"line":29,"column":38}},"16":{"start":{"line":32,"column":8},"end":{"line":32,"column":45}},"17":{"start":{"line":33,"column":8},"end":{"line":33,"column":53}},"18":{"start":{"line":34,"column":8},"end":{"line":34,"column":50}},"19":{"start":{"line":35,"column":8},"end":{"line":35,"column":55}},"20":{"start":{"line":40,"column":22},"end":{"line":59,"column":3}},"21":{"start":{"line":41,"column":4},"end":{"line":41,"column":22}},"22":{"start":{"line":42,"column":17},"end":{"line":47,"column":5}},"23":{"start":{"line":48,"column":4},"end":{"line":48,"column":59}},"24":{"start":{"line":49,"column":4},"end":{"line":58,"column":8}},"25":{"start":{"line":51,"column":17},"end":{"line":51,"column":38}},"26":{"start":{"line":54,"column":8},"end":{"line":54,"column":49}},"27":{"start":{"line":55,"column":8},"end":{"line":55,"column":57}},"28":{"start":{"line":56,"column":8},"end":{"line":56,"column":50}},"29":{"start":{"line":57,"column":8},"end":{"line":57,"column":50}},"30":{"start":{"line":62,"column":10},"end":{"line":74,"column":3}},"31":{"start":{"line":63,"column":4},"end":{"line":73,"column":5}},"32":{"start":{"line":64,"column":6},"end":{"line":70,"column":8}},"33":{"start":{"line":69,"column":8},"end":{"line":69,"column":40}},"34":{"start":{"line":72,"column":6},"end":{"line":72,"column":17}},"35":{"start":{"line":77,"column":15},"end":{"line":94,"column":3}},"36":{"start":{"line":78,"column":4},"end":{"line":93,"column":5}},"37":{"start":{"line":79,"column":6},"end":{"line":90,"column":8}},"38":{"start":{"line":88,"column":8},"end":{"line":88,"column":57}},"39":{"start":{"line":89,"column":8},"end":{"line":89,"column":31}},"40":{"start":{"line":92,"column":6},"end":{"line":92,"column":17}}},"fnMap":{"0":{"name":"(anonymous_0)","decl":{"start":{"line":7,"column":2},"end":{"line":7,"column":3}},"loc":{"start":{"line":7,"column":80},"end":{"line":17,"column":3}},"line":7},"1":{"name":"(anonymous_1)","decl":{"start":{"line":18,"column":25},"end":{"line":18,"column":26}},"loc":{"start":{"line":18,"column":30},"end":{"line":38,"column":3}},"line":18},"2":{"name":"(anonymous_2)","decl":{"start":{"line":29,"column":8},"end":{"line":29,"column":9}},"loc":{"start":{"line":29,"column":17},"end":{"line":29,"column":38}},"line":29},"3":{"name":"(anonymous_3)","decl":{"start":{"line":31,"column":12},"end":{"line":31,"column":13}},"loc":{"start":{"line":31,"column":18},"end":{"line":36,"column":7}},"line":31},"4":{"name":"(anonymous_4)","decl":{"start":{"line":40,"column":22},"end":{"line":40,"column":23}},"loc":{"start":{"line":40,"column":27},"end":{"line":59,"column":3}},"line":40},"5":{"name":"(anonymous_5)","decl":{"start":{"line":51,"column":8},"end":{"line":51,"column":9}},"loc":{"start":{"line":51,"column":17},"end":{"line":51,"column":38}},"line":51},"6":{"name":"(anonymous_6)","decl":{"start":{"line":53,"column":12},"end":{"line":53,"column":13}},"loc":{"start":{"line":53,"column":18},"end":{"line":58,"column":7}},"line":53},"7":{"name":"(anonymous_7)","decl":{"start":{"line":62,"column":10},"end":{"line":62,"column":11}},"loc":{"start":{"line":62,"column":20},"end":{"line":74,"column":3}},"line":62},"8":{"name":"(anonymous_8)","decl":{"start":{"line":68,"column":15},"end":{"line":68,"column":16}},"loc":{"start":{"line":68,"column":26},"end":{"line":70,"column":7}},"line":68},"9":{"name":"(anonymous_9)","decl":{"start":{"line":77,"column":15},"end":{"line":77,"column":16}},"loc":{"start":{"line":77,"column":25},"end":{"line":94,"column":3}},"line":77},"10":{"name":"(anonymous_10)","decl":{"start":{"line":87,"column":12},"end":{"line":87,"column":13}},"loc":{"start":{"line":87,"column":18},"end":{"line":90,"column":7}},"line":87}},"branchMap":{"0":{"loc":{"start":{"line":63,"column":4},"end":{"line":73,"column":5}},"type":"if","locations":[{"start":{"line":63,"column":4},"end":{"line":73,"column":5}},{"start":{"line":63,"column":4},"end":{"line":73,"column":5}}],"line":63},"1":{"loc":{"start":{"line":78,"column":4},"end":{"line":93,"column":5}},"type":"if","locations":[{"start":{"line":78,"column":4},"end":{"line":93,"column":5}},{"start":{"line":78,"column":4},"end":{"line":93,"column":5}}],"line":78}},"s":{"0":4,"1":4,"2":4,"3":4,"4":4,"5":4,"6":4,"7":4,"8":4,"9":4,"10":4,"11":2,"12":2,"13":2,"14":2,"15":0,"16":2,"17":2,"18":2,"19":2,"20":4,"21":2,"22":2,"23":2,"24":2,"25":0,"26":2,"27":2,"28":2,"29":2,"30":4,"31":0,"32":0,"33":0,"34":0,"35":4,"36":0,"37":0,"38":0,"39":0,"40":0},"f":{"0":4,"1":2,"2":0,"3":2,"4":2,"5":0,"6":2,"7":0,"8":0,"9":0,"10":0},"b":{"0":[0,0],"1":[0,0]},"_coverageSchema":"1a1c01bbd47fc00a2c39e90264f33305004495a9","hash":"353f82f69edd88785d581994df65752c094facd9"}
,"C:\\Users\\Thomas\\OneDrive\\Bureau\\Open\\bill-app\\Billed-app-FR-Front\\src\\containers\\Logout.js": {"path":"C:\\Users\\Thomas\\OneDrive\\Bureau\\Open\\bill-app\\Billed-app-FR-Front\\src\\containers\\Logout.js","statementMap":{"0":{"start":{"line":5,"column":4},"end":{"line":5,"column":28}},"1":{"start":{"line":6,"column":4},"end":{"line":6,"column":32}},"2":{"start":{"line":7,"column":4},"end":{"line":7,"column":36}},"3":{"start":{"line":8,"column":4},"end":{"line":8,"column":51}},"4":{"start":{"line":11,"column":16},"end":{"line":14,"column":3}},"5":{"start":{"line":12,"column":4},"end":{"line":12,"column":29}},"6":{"start":{"line":13,"column":4},"end":{"line":13,"column":41}}},"fnMap":{"0":{"name":"(anonymous_0)","decl":{"start":{"line":4,"column":2},"end":{"line":4,"column":3}},"loc":{"start":{"line":4,"column":54},"end":{"line":9,"column":3}},"line":4},"1":{"name":"(anonymous_1)","decl":{"start":{"line":11,"column":16},"end":{"line":11,"column":17}},"loc":{"start":{"line":11,"column":23},"end":{"line":14,"column":3}},"line":11}},"branchMap":{},"s":{"0":26,"1":26,"2":26,"3":26,"4":26,"5":2,"6":2},"f":{"0":26,"1":2},"b":{},"_coverageSchema":"1a1c01bbd47fc00a2c39e90264f33305004495a9","hash":"08553b4a441c588b147bc2bacff1a6f30e82fb45"}
,"C:\\Users\\Thomas\\OneDrive\\Bureau\\Open\\bill-app\\Billed-app-FR-Front\\src\\containers\\NewBill.js": {"path":"C:\\Users\\Thomas\\OneDrive\\Bureau\\Open\\bill-app\\Billed-app-FR-Front\\src\\containers\\NewBill.js","statementMap":{"0":{"start":{"line":6,"column":4},"end":{"line":6,"column":28}},"1":{"start":{"line":7,"column":4},"end":{"line":7,"column":32}},"2":{"start":{"line":8,"column":4},"end":{"line":8,"column":22}},"3":{"start":{"line":9,"column":24},"end":{"line":9,"column":88}},"4":{"start":{"line":10,"column":4},"end":{"line":10,"column":61}},"5":{"start":{"line":11,"column":17},"end":{"line":11,"column":73}},"6":{"start":{"line":12,"column":4},"end":{"line":12,"column":58}},"7":{"start":{"line":13,"column":4},"end":{"line":13,"column":23}},"8":{"start":{"line":14,"column":4},"end":{"line":14,"column":24}},"9":{"start":{"line":15,"column":4},"end":{"line":15,"column":22}},"10":{"start":{"line":16,"column":4},"end":{"line":16,"column":54}},"11":{"start":{"line":18,"column":21},"end":{"line":50,"column":3}},"12":{"start":{"line":19,"column":4},"end":{"line":19,"column":23}},"13":{"start":{"line":20,"column":15},"end":{"line":20,"column":80}},"14":{"start":{"line":21,"column":21},"end":{"line":21,"column":48}},"15":{"start":{"line":22,"column":19},"end":{"line":22,"column":48}},"16":{"start":{"line":23,"column":26},"end":{"line":23,"column":45}},"17":{"start":{"line":24,"column":21},"end":{"line":24,"column":35}},"18":{"start":{"line":25,"column":18},"end":{"line":25,"column":64}},"19":{"start":{"line":26,"column":4},"end":{"line":26,"column":34}},"20":{"start":{"line":27,"column":4},"end":{"line":27,"column":36}},"21":{"start":{"line":28,"column":22},"end":{"line":28,"column":44}},"22":{"start":{"line":30,"column":4},"end":{"line":49,"column":5}},"23":{"start":{"line":31,"column":6},"end":{"line":31,"column":81}},"24":{"start":{"line":33,"column":6},"end":{"line":33,"column":19}},"25":{"start":{"line":35,"column":6},"end":{"line":48,"column":46}},"26":{"start":{"line":44,"column":10},"end":{"line":44,"column":28}},"27":{"start":{"line":45,"column":10},"end":{"line":45,"column":33}},"28":{"start":{"line":46,"column":10},"end":{"line":46,"column":35}},"29":{"start":{"line":48,"column":24},"end":{"line":48,"column":44}},"30":{"start":{"line":52,"column":19},"end":{"line":70,"column":3}},"31":{"start":{"line":53,"column":4},"end":{"line":53,"column":22}},"32":{"start":{"line":54,"column":18},"end":{"line":54,"column":64}},"33":{"start":{"line":55,"column":17},"end":{"line":67,"column":5}},"34":{"start":{"line":68,"column":4},"end":{"line":68,"column":25}},"35":{"start":{"line":69,"column":4},"end":{"line":69,"column":41}},"36":{"start":{"line":72,"column":15},"end":{"line":82,"column":3}},"37":{"start":{"line":73,"column":4},"end":{"line":81,"column":5}},"38":{"start":{"line":74,"column":6},"end":{"line":80,"column":43}},"39":{"start":{"line":78,"column":8},"end":{"line":78,"column":45}},"40":{"start":{"line":80,"column":22},"end":{"line":80,"column":42}}},"fnMap":{"0":{"name":"(anonymous_0)","decl":{"start":{"line":5,"column":2},"end":{"line":5,"column":3}},"loc":{"start":{"line":5,"column":61},"end":{"line":17,"column":3}},"line":5},"1":{"name":"(anonymous_1)","decl":{"start":{"line":18,"column":21},"end":{"line":18,"column":22}},"loc":{"start":{"line":18,"column":26},"end":{"line":50,"column":3}},"line":18},"2":{"name":"(anonymous_2)","decl":{"start":{"line":43,"column":14},"end":{"line":43,"column":15}},"loc":{"start":{"line":43,"column":36},"end":{"line":47,"column":9}},"line":43},"3":{"name":"(anonymous_3)","decl":{"start":{"line":48,"column":15},"end":{"line":48,"column":16}},"loc":{"start":{"line":48,"column":24},"end":{"line":48,"column":44}},"line":48},"4":{"name":"(anonymous_4)","decl":{"start":{"line":52,"column":19},"end":{"line":52,"column":20}},"loc":{"start":{"line":52,"column":24},"end":{"line":70,"column":3}},"line":52},"5":{"name":"(anonymous_5)","decl":{"start":{"line":72,"column":15},"end":{"line":72,"column":16}},"loc":{"start":{"line":72,"column":25},"end":{"line":82,"column":3}},"line":72},"6":{"name":"(anonymous_6)","decl":{"start":{"line":77,"column":12},"end":{"line":77,"column":13}},"loc":{"start":{"line":77,"column":18},"end":{"line":79,"column":7}},"line":77},"7":{"name":"(anonymous_7)","decl":{"start":{"line":80,"column":13},"end":{"line":80,"column":14}},"loc":{"start":{"line":80,"column":22},"end":{"line":80,"column":42}},"line":80}},"branchMap":{"0":{"loc":{"start":{"line":30,"column":4},"end":{"line":49,"column":5}},"type":"if","locations":[{"start":{"line":30,"column":4},"end":{"line":49,"column":5}},{"start":{"line":30,"column":4},"end":{"line":49,"column":5}}],"line":30},"1":{"loc":{"start":{"line":62,"column":11},"end":{"line":62,"column":83}},"type":"binary-expr","locations":[{"start":{"line":62,"column":11},"end":{"line":62,"column":77}},{"start":{"line":62,"column":81},"end":{"line":62,"column":83}}],"line":62},"2":{"loc":{"start":{"line":73,"column":4},"end":{"line":81,"column":5}},"type":"if","locations":[{"start":{"line":73,"column":4},"end":{"line":81,"column":5}},{"start":{"line":73,"column":4},"end":{"line":81,"column":5}}],"line":73}},"s":{"0":3,"1":3,"2":3,"3":3,"4":3,"5":3,"6":3,"7":3,"8":3,"9":3,"10":3,"11":3,"12":4,"13":4,"14":4,"15":4,"16":4,"17":4,"18":4,"19":4,"20":4,"21":4,"22":4,"23":4,"24":4,"25":0,"26":0,"27":0,"28":0,"29":0,"30":3,"31":2,"32":2,"33":2,"34":2,"35":2,"36":3,"37":2,"38":2,"39":2,"40":0},"f":{"0":3,"1":4,"2":0,"3":0,"4":2,"5":2,"6":2,"7":0},"b":{"0":[4,0],"1":[2,2],"2":[2,0]},"_coverageSchema":"1a1c01bbd47fc00a2c39e90264f33305004495a9","hash":"87ac91c6ddd0411a0aa7b9fd1bd6bb53620b998c"}
,"C:\\Users\\Thomas\\OneDrive\\Bureau\\Open\\bill-app\\Billed-app-FR-Front\\src\\views\\Actions.js": {"path":"C:\\Users\\Thomas\\OneDrive\\Bureau\\Open\\bill-app\\Billed-app-FR-Front\\src\\views\\Actions.js","statementMap":{"0":{"start":{"line":5,"column":2},"end":{"line":11,"column":3}}},"fnMap":{"0":{"name":"(anonymous_0)","decl":{"start":{"line":4,"column":15},"end":{"line":4,"column":16}},"loc":{"start":{"line":4,"column":28},"end":{"line":12,"column":1}},"line":4}},"branchMap":{},"s":{"0":10},"f":{"0":10},"b":{},"_coverageSchema":"1a1c01bbd47fc00a2c39e90264f33305004495a9","hash":"787f6a45bd1356570fec53c28fb9bdb1e934a57b"}
,"C:\\Users\\Thomas\\OneDrive\\Bureau\\Open\\bill-app\\Billed-app-FR-Front\\src\\views\\BillsUI.js": {"path":"C:\\Users\\Thomas\\OneDrive\\Bureau\\Open\\bill-app\\Billed-app-FR-Front\\src\\views\\BillsUI.js","statementMap":{"0":{"start":{"line":7,"column":12},"end":{"line":20,"column":3}},"1":{"start":{"line":8,"column":2},"end":{"line":19,"column":6}},"2":{"start":{"line":22,"column":13},"end":{"line":24,"column":1}},"3":{"start":{"line":23,"column":2},"end":{"line":23,"column":74}},"4":{"start":{"line":23,"column":50},"end":{"line":23,"column":59}},"5":{"start":{"line":28,"column":16},"end":{"line":43,"column":4}},"6":{"start":{"line":28,"column":23},"end":{"line":43,"column":3}},"7":{"start":{"line":45,"column":2},"end":{"line":49,"column":3}},"8":{"start":{"line":46,"column":4},"end":{"line":46,"column":24}},"9":{"start":{"line":47,"column":9},"end":{"line":49,"column":3}},"10":{"start":{"line":48,"column":4},"end":{"line":48,"column":27}},"11":{"start":{"line":51,"column":2},"end":{"line":79,"column":3}}},"fnMap":{"0":{"name":"(anonymous_0)","decl":{"start":{"line":7,"column":12},"end":{"line":7,"column":13}},"loc":{"start":{"line":7,"column":22},"end":{"line":20,"column":3}},"line":7},"1":{"name":"(anonymous_1)","decl":{"start":{"line":22,"column":13},"end":{"line":22,"column":14}},"loc":{"start":{"line":22,"column":23},"end":{"line":24,"column":1}},"line":22},"2":{"name":"(anonymous_2)","decl":{"start":{"line":23,"column":42},"end":{"line":23,"column":43}},"loc":{"start":{"line":23,"column":50},"end":{"line":23,"column":59}},"line":23},"3":{"name":"(anonymous_3)","decl":{"start":{"line":26,"column":15},"end":{"line":26,"column":16}},"loc":{"start":{"line":26,"column":52},"end":{"line":80,"column":1}},"line":26},"4":{"name":"(anonymous_4)","decl":{"start":{"line":28,"column":16},"end":{"line":28,"column":17}},"loc":{"start":{"line":28,"column":23},"end":{"line":43,"column":3}},"line":28}},"branchMap":{"0":{"loc":{"start":{"line":23,"column":9},"end":{"line":23,"column":74}},"type":"cond-expr","locations":[{"start":{"line":23,"column":33},"end":{"line":23,"column":69}},{"start":{"line":23,"column":72},"end":{"line":23,"column":74}}],"line":23},"1":{"loc":{"start":{"line":23,"column":10},"end":{"line":23,"column":29}},"type":"binary-expr","locations":[{"start":{"line":23,"column":10},"end":{"line":23,"column":14}},{"start":{"line":23,"column":18},"end":{"line":23,"column":29}}],"line":23},"2":{"loc":{"start":{"line":45,"column":2},"end":{"line":49,"column":3}},"type":"if","locations":[{"start":{"line":45,"column":2},"end":{"line":49,"column":3}},{"start":{"line":45,"column":2},"end":{"line":49,"column":3}}],"line":45},"3":{"loc":{"start":{"line":47,"column":9},"end":{"line":49,"column":3}},"type":"if","locations":[{"start":{"line":47,"column":9},"end":{"line":49,"column":3}},{"start":{"line":47,"column":9},"end":{"line":49,"column":3}}],"line":47}},"s":{"0":6,"1":8,"2":6,"3":5,"4":8,"5":11,"6":5,"7":11,"8":3,"9":8,"10":3,"11":5},"f":{"0":8,"1":5,"2":8,"3":11,"4":5},"b":{"0":[2,3],"1":[5,3],"2":[3,8],"3":[3,5]},"_coverageSchema":"1a1c01bbd47fc00a2c39e90264f33305004495a9","hash":"630b68163c5d685962c8e9e5f9808f5a23c9235e"}
,"C:\\Users\\Thomas\\OneDrive\\Bureau\\Open\\bill-app\\Billed-app-FR-Front\\src\\views\\DashboardFormUI.js": {"path":"C:\\Users\\Thomas\\OneDrive\\Bureau\\Open\\bill-app\\Billed-app-FR-Front\\src\\views\\DashboardFormUI.js","statementMap":{"0":{"start":{"line":7,"column":21},"end":{"line":22,"column":4}},"1":{"start":{"line":7,"column":28},"end":{"line":22,"column":3}},"2":{"start":{"line":26,"column":2},"end":{"line":101,"column":4}}},"fnMap":{"0":{"name":"(anonymous_0)","decl":{"start":{"line":7,"column":21},"end":{"line":7,"column":22}},"loc":{"start":{"line":7,"column":28},"end":{"line":22,"column":3}},"line":7},"1":{"name":"(anonymous_1)","decl":{"start":{"line":24,"column":15},"end":{"line":24,"column":16}},"loc":{"start":{"line":24,"column":25},"end":{"line":102,"column":1}},"line":24}},"branchMap":{"0":{"loc":{"start":{"line":79,"column":9},"end":{"line":89,"column":9}},"type":"cond-expr","locations":[{"start":{"line":79,"column":38},"end":{"line":84,"column":8}},{"start":{"line":84,"column":13},"end":{"line":89,"column":8}}],"line":79},"1":{"loc":{"start":{"line":92,"column":8},"end":{"line":97,"column":13}},"type":"cond-expr","locations":[{"start":{"line":92,"column":37},"end":{"line":97,"column":7}},{"start":{"line":97,"column":11},"end":{"line":97,"column":13}}],"line":92}},"s":{"0":7,"1":9,"2":9},"f":{"0":9,"1":9},"b":{"0":[6,3],"1":[6,3]},"_coverageSchema":"1a1c01bbd47fc00a2c39e90264f33305004495a9","hash":"f3d9a517349eff5a41f2b4d76e2e57177390d998"}
,"C:\\Users\\Thomas\\OneDrive\\Bureau\\Open\\bill-app\\Billed-app-FR-Front\\src\\views\\DashboardUI.js": {"path":"C:\\Users\\Thomas\\OneDrive\\Bureau\\Open\\bill-app\\Billed-app-FR-Front\\src\\views\\DashboardUI.js","statementMap":{"0":{"start":{"line":10,"column":2},"end":{"line":14,"column":3}},"1":{"start":{"line":11,"column":4},"end":{"line":11,"column":24}},"2":{"start":{"line":12,"column":9},"end":{"line":14,"column":3}},"3":{"start":{"line":13,"column":4},"end":{"line":13,"column":27}},"4":{"start":{"line":16,"column":2},"end":{"line":48,"column":3}}},"fnMap":{"0":{"name":"(anonymous_0)","decl":{"start":{"line":8,"column":15},"end":{"line":8,"column":16}},"loc":{"start":{"line":8,"column":45},"end":{"line":49,"column":1}},"line":8}},"branchMap":{"0":{"loc":{"start":{"line":10,"column":2},"end":{"line":14,"column":3}},"type":"if","locations":[{"start":{"line":10,"column":2},"end":{"line":14,"column":3}},{"start":{"line":10,"column":2},"end":{"line":14,"column":3}}],"line":10},"1":{"loc":{"start":{"line":12,"column":9},"end":{"line":14,"column":3}},"type":"if","locations":[{"start":{"line":12,"column":9},"end":{"line":14,"column":3}},{"start":{"line":12,"column":9},"end":{"line":14,"column":3}}],"line":12},"2":{"loc":{"start":{"line":22,"column":45},"end":{"line":22,"column":63}},"type":"binary-expr","locations":[{"start":{"line":22,"column":45},"end":{"line":22,"column":49}},{"start":{"line":22,"column":53},"end":{"line":22,"column":63}}],"line":22},"3":{"loc":{"start":{"line":29,"column":43},"end":{"line":29,"column":61}},"type":"binary-expr","locations":[{"start":{"line":29,"column":43},"end":{"line":29,"column":47}},{"start":{"line":29,"column":51},"end":{"line":29,"column":61}}],"line":29},"4":{"loc":{"start":{"line":36,"column":43},"end":{"line":36,"column":61}},"type":"binary-expr","locations":[{"start":{"line":36,"column":43},"end":{"line":36,"column":47}},{"start":{"line":36,"column":51},"end":{"line":36,"column":61}}],"line":36}},"s":{"0":27,"1":9,"2":18,"3":6,"4":12},"f":{"0":27},"b":{"0":[9,18],"1":[6,12],"2":[12,7],"3":[12,7],"4":[12,7]},"_coverageSchema":"1a1c01bbd47fc00a2c39e90264f33305004495a9","hash":"fa31665d59b1fc03ac9f3d14054473e9a8131ef7"}
,"C:\\Users\\Thomas\\OneDrive\\Bureau\\Open\\bill-app\\Billed-app-FR-Front\\src\\views\\ErrorPage.js": {"path":"C:\\Users\\Thomas\\OneDrive\\Bureau\\Open\\bill-app\\Billed-app-FR-Front\\src\\views\\ErrorPage.js","statementMap":{"0":{"start":{"line":4,"column":2},"end":{"line":15,"column":3}}},"fnMap":{"0":{"name":"(anonymous_0)","decl":{"start":{"line":3,"column":15},"end":{"line":3,"column":16}},"loc":{"start":{"line":3,"column":26},"end":{"line":16,"column":1}},"line":3}},"branchMap":{"0":{"loc":{"start":{"line":12,"column":12},"end":{"line":12,"column":30}},"type":"cond-expr","locations":[{"start":{"line":12,"column":20},"end":{"line":12,"column":25}},{"start":{"line":12,"column":28},"end":{"line":12,"column":30}}],"line":12}},"s":{"0":11},"f":{"0":11},"b":{"0":[10,1]},"_coverageSchema":"1a1c01bbd47fc00a2c39e90264f33305004495a9","hash":"6073643fa0bb31e7b6a941024e04eb1d5f0e0678"}
,"C:\\Users\\Thomas\\OneDrive\\Bureau\\Open\\bill-app\\Billed-app-FR-Front\\src\\views\\LoadingPage.js": {"path":"C:\\Users\\Thomas\\OneDrive\\Bureau\\Open\\bill-app\\Billed-app-FR-Front\\src\\views\\LoadingPage.js","statementMap":{"0":{"start":{"line":5,"column":2},"end":{"line":12,"column":3}}},"fnMap":{"0":{"name":"(anonymous_0)","decl":{"start":{"line":3,"column":15},"end":{"line":3,"column":16}},"loc":{"start":{"line":3,"column":21},"end":{"line":13,"column":1}},"line":3}},"branchMap":{},"s":{"0":13},"f":{"0":13},"b":{},"_coverageSchema":"1a1c01bbd47fc00a2c39e90264f33305004495a9","hash":"0018f136ccebf90c737314707359e9ce9173d6d0"}
,"C:\\Users\\Thomas\\OneDrive\\Bureau\\Open\\bill-app\\Billed-app-FR-Front\\src\\views\\LoginUI.js": {"path":"C:\\Users\\Thomas\\OneDrive\\Bureau\\Open\\bill-app\\Billed-app-FR-Front\\src\\views\\LoginUI.js","statementMap":{"0":{"start":{"line":4,"column":2},"end":{"line":46,"column":4}}},"fnMap":{"0":{"name":"(anonymous_0)","decl":{"start":{"line":2,"column":15},"end":{"line":2,"column":16}},"loc":{"start":{"line":2,"column":21},"end":{"line":47,"column":1}},"line":2}},"branchMap":{},"s":{"0":17},"f":{"0":17},"b":{},"_coverageSchema":"1a1c01bbd47fc00a2c39e90264f33305004495a9","hash":"87c8caad980857e29f078715ffb0c11c5adf401e"}
,"C:\\Users\\Thomas\\OneDrive\\Bureau\\Open\\bill-app\\Billed-app-FR-Front\\src\\views\\NewBillUI.js": {"path":"C:\\Users\\Thomas\\OneDrive\\Bureau\\Open\\bill-app\\Billed-app-FR-Front\\src\\views\\NewBillUI.js","statementMap":{"0":{"start":{"line":5,"column":2},"end":{"line":73,"column":4}}},"fnMap":{"0":{"name":"(anonymous_0)","decl":{"start":{"line":3,"column":15},"end":{"line":3,"column":16}},"loc":{"start":{"line":3,"column":21},"end":{"line":74,"column":1}},"line":3}},"branchMap":{},"s":{"0":4},"f":{"0":4},"b":{},"_coverageSchema":"1a1c01bbd47fc00a2c39e90264f33305004495a9","hash":"6406d049e4459fac33fa3e2f61b0c124d9d75a7f"}
,"C:\\Users\\Thomas\\OneDrive\\Bureau\\Open\\bill-app\\Billed-app-FR-Front\\src\\views\\VerticalLayout.js": {"path":"C:\\Users\\Thomas\\OneDrive\\Bureau\\Open\\bill-app\\Billed-app-FR-Front\\src\\views\\VerticalLayout.js","statementMap":{"0":{"start":{"line":7,"column":4},"end":{"line":7,"column":51}},"1":{"start":{"line":8,"column":4},"end":{"line":10,"column":5}},"2":{"start":{"line":9,"column":6},"end":{"line":9,"column":29}},"3":{"start":{"line":11,"column":4},"end":{"line":39,"column":5}},"4":{"start":{"line":12,"column":6},"end":{"line":27,"column":7}},"5":{"start":{"line":29,"column":6},"end":{"line":38,"column":7}}},"fnMap":{"0":{"name":"(anonymous_0)","decl":{"start":{"line":5,"column":15},"end":{"line":5,"column":16}},"loc":{"start":{"line":5,"column":27},"end":{"line":40,"column":1}},"line":5}},"branchMap":{"0":{"loc":{"start":{"line":8,"column":4},"end":{"line":10,"column":5}},"type":"if","locations":[{"start":{"line":8,"column":4},"end":{"line":10,"column":5}},{"start":{"line":8,"column":4},"end":{"line":10,"column":5}}],"line":8},"1":{"loc":{"start":{"line":11,"column":4},"end":{"line":39,"column":5}},"type":"if","locations":[{"start":{"line":11,"column":4},"end":{"line":39,"column":5}},{"start":{"line":11,"column":4},"end":{"line":39,"column":5}}],"line":11},"2":{"loc":{"start":{"line":11,"column":8},"end":{"line":11,"column":40}},"type":"binary-expr","locations":[{"start":{"line":11,"column":8},"end":{"line":11,"column":12}},{"start":{"line":11,"column":16},"end":{"line":11,"column":40}}],"line":11}},"s":{"0":46,"1":46,"2":33,"3":46,"4":17,"5":29},"f":{"0":46},"b":{"0":[33,13],"1":[17,29],"2":[46,33]},"_coverageSchema":"1a1c01bbd47fc00a2c39e90264f33305004495a9","hash":"1bb03ac5f68c2384e71e1a357cebe77250a58b56"}
}
