TN:
SF:src\constants\routes.js
FN:13,(anonymous_0)
FNF:1
FNH:1
FNDA:39,(anonymous_0)
DA:6,6
DA:13,6
DA:14,39
DA:16,10
DA:18,9
DA:20,1
DA:22,18
DA:24,1
LF:8
LH:8
BRDA:14,0,0,10
BRDA:14,0,1,9
BRDA:14,0,2,1
BRDA:14,0,3,18
BRDA:14,0,4,1
BRF:5
BRH:5
end_of_record
TN:
SF:src\constants\usersTest.js
FNF:0
FNH:0
LF:0
LH:0
BRF:0
BRH:0
end_of_record
TN:
SF:src\containers\Bills.js
FN:6,(anonymous_0)
FN:13,(anonymous_1)
FN:14,(anonymous_2)
FN:19,(anonymous_3)
FN:22,(anonymous_4)
FN:34,(anonymous_5)
FN:39,(anonymous_6)
FN:40,(anonymous_7)
FN:41,(anonymous_8)
FNF:9
FNH:8
FNDA:5,(anonymous_0)
FNDA:16,(anonymous_1)
FNDA:1,(anonymous_2)
FNDA:0,(anonymous_3)
FNDA:1,(anonymous_4)
FNDA:4,(anonymous_5)
FNDA:1,(anonymous_6)
FNDA:6,(anonymous_7)
FNDA:4,(anonymous_8)
DA:7,5
DA:8,5
DA:9,5
DA:10,5
DA:11,5
DA:12,5
DA:13,5
DA:14,16
DA:16,5
DA:19,5
DA:20,0
DA:22,5
DA:23,1
DA:24,1
DA:26,1
DA:27,1
DA:28,1
DA:30,0
DA:34,5
DA:35,4
DA:36,4
DA:40,6
DA:42,4
DA:43,4
DA:51,0
DA:52,0
DA:59,1
DA:60,1
DA:61,1
LF:29
LH:25
BRDA:11,0,0,4
BRDA:11,0,1,1
BRDA:13,1,0,5
BRDA:13,1,1,0
BRDA:26,2,0,1
BRDA:26,2,1,0
BRDA:35,3,0,4
BRDA:35,3,1,0
BRDA:40,4,0,3
BRDA:40,4,1,3
BRF:10
BRH:7
end_of_record
TN:
SF:src\containers\Dashboard.js
FN:8,(anonymous_0)
FN:10,(anonymous_1)
FN:30,(anonymous_2)
FN:59,(anonymous_3)
FN:60,(anonymous_4)
FN:63,(anonymous_5)
FN:75,(anonymous_6)
FN:79,(anonymous_7)
FN:80,(anonymous_8)
FN:81,(anonymous_9)
FN:85,(anonymous_10)
FN:97,(anonymous_11)
FN:101,(anonymous_12)
FN:118,(anonymous_13)
FN:119,(anonymous_14)
FN:126,(anonymous_15)
FN:136,(anonymous_16)
FN:146,(anonymous_17)
FN:161,(anonymous_18)
FN:164,(anonymous_19)
FN:170,(anonymous_20)
FN:175,(anonymous_21)
FN:176,(anonymous_22)
FN:184,(anonymous_23)
FNF:24
FNH:19
FNDA:44,(anonymous_0)
FNDA:104,(anonymous_1)
FNDA:6,(anonymous_2)
FNDA:6,(anonymous_3)
FNDA:6,(anonymous_4)
FNDA:5,(anonymous_5)
FNDA:17,(anonymous_6)
FNDA:0,(anonymous_7)
FNDA:0,(anonymous_8)
FNDA:0,(anonymous_9)
FNDA:1,(anonymous_10)
FNDA:3,(anonymous_11)
FNDA:8,(anonymous_12)
FNDA:0,(anonymous_13)
FNDA:0,(anonymous_14)
FNDA:1,(anonymous_15)
FNDA:1,(anonymous_16)
FNDA:5,(anonymous_17)
FNDA:20,(anonymous_18)
FNDA:3,(anonymous_19)
FNDA:8,(anonymous_20)
FNDA:3,(anonymous_21)
FNDA:12,(anonymous_22)
FNDA:5,(anonymous_23)
DA:8,6
DA:9,44
DA:14,104
DA:15,104
DA:20,0
DA:25,104
DA:30,6
DA:31,6
DA:32,6
DA:35,6
DA:39,6
DA:59,6
DA:60,6
DA:63,6
DA:64,5
DA:66,3
DA:68,1
DA:70,1
DA:76,17
DA:77,17
DA:78,17
DA:79,17
DA:80,17
DA:81,17
DA:82,17
DA:85,17
DA:87,1
DA:88,1
DA:89,1
DA:90,1
DA:92,0
DA:94,1
DA:98,3
DA:99,3
DA:100,3
DA:101,2
DA:102,8
DA:104,2
DA:105,2
DA:106,2
DA:107,2
DA:109,1
DA:111,1
DA:114,1
DA:115,1
DA:117,3
DA:118,3
DA:119,3
DA:121,3
DA:122,0
DA:126,17
DA:127,1
DA:132,1
DA:133,1
DA:136,17
DA:137,1
DA:142,1
DA:143,1
DA:147,5
DA:148,5
DA:149,5
DA:150,5
DA:151,5
DA:154,5
DA:156,0
DA:157,0
DA:158,0
DA:161,5
DA:162,20
DA:164,3
DA:167,5
DA:170,17
DA:171,8
DA:172,8
DA:176,12
DA:182,3
DA:185,5
LF:77
LH:71
BRDA:9,0,0,26
BRDA:9,0,1,18
BRDA:9,1,0,44
BRDA:9,1,1,26
BRDA:14,2,0,104
BRDA:14,2,1,0
BRDA:21,3,0,0
BRDA:21,3,1,0
BRDA:32,4,0,0
BRDA:32,4,1,6
BRDA:35,5,0,0
BRDA:35,5,1,6
BRDA:60,6,0,5
BRDA:60,6,1,1
BRDA:60,7,0,6
BRDA:60,7,1,6
BRDA:64,8,0,3
BRDA:64,8,1,1
BRDA:64,8,2,1
BRDA:90,9,0,0
BRDA:90,9,1,1
BRDA:94,10,0,0
BRDA:94,10,1,1
BRDA:98,11,0,2
BRDA:98,11,1,1
BRDA:98,12,0,3
BRDA:98,12,1,3
BRDA:99,13,0,2
BRDA:99,13,1,1
BRDA:99,14,0,3
BRDA:99,14,1,1
BRDA:100,15,0,2
BRDA:100,15,1,1
BRDA:121,16,0,0
BRDA:121,16,1,3
BRDA:147,17,0,5
BRDA:147,17,1,0
BRDA:147,18,0,5
BRDA:147,18,1,2
BRDA:148,19,0,5
BRDA:148,19,1,0
BRDA:148,20,0,5
BRDA:148,20,1,2
BRDA:149,21,0,5
BRDA:149,21,1,0
BRDA:171,22,0,8
BRDA:171,22,1,0
BRF:47
BRH:35
end_of_record
TN:
SF:src\containers\Login.js
FN:7,(anonymous_0)
FN:18,(anonymous_1)
FN:29,(anonymous_2)
FN:31,(anonymous_3)
FN:40,(anonymous_4)
FN:51,(anonymous_5)
FN:53,(anonymous_6)
FN:62,(anonymous_7)
FN:68,(anonymous_8)
FN:77,(anonymous_9)
FN:87,(anonymous_10)
FNF:11
FNH:5
FNDA:4,(anonymous_0)
FNDA:2,(anonymous_1)
FNDA:0,(anonymous_2)
FNDA:2,(anonymous_3)
FNDA:2,(anonymous_4)
FNDA:0,(anonymous_5)
FNDA:2,(anonymous_6)
FNDA:0,(anonymous_7)
FNDA:0,(anonymous_8)
FNDA:0,(anonymous_9)
FNDA:0,(anonymous_10)
DA:3,4
DA:8,4
DA:9,4
DA:10,4
DA:11,4
DA:12,4
DA:13,4
DA:14,4
DA:15,4
DA:16,4
DA:18,4
DA:19,2
DA:20,2
DA:26,2
DA:27,2
DA:29,0
DA:32,2
DA:33,2
DA:34,2
DA:35,2
DA:40,4
DA:41,2
DA:42,2
DA:48,2
DA:49,2
DA:51,0
DA:54,2
DA:55,2
DA:56,2
DA:57,2
DA:62,4
DA:63,0
DA:64,0
DA:69,0
DA:72,0
DA:77,4
DA:78,0
DA:79,0
DA:88,0
DA:89,0
DA:92,0
LF:41
LH:30
BRDA:63,0,0,0
BRDA:63,0,1,0
BRDA:78,1,0,0
BRDA:78,1,1,0
BRF:4
BRH:0
end_of_record
TN:
SF:src\containers\Logout.js
FN:4,(anonymous_0)
FN:11,(anonymous_1)
FNF:2
FNH:2
FNDA:26,(anonymous_0)
FNDA:2,(anonymous_1)
DA:5,26
DA:6,26
DA:7,26
DA:8,26
DA:11,26
DA:12,2
DA:13,2
LF:7
LH:7
BRF:0
BRH:0
end_of_record
TN:
SF:src\containers\NewBill.js
FN:5,(anonymous_0)
FN:18,(anonymous_1)
FN:43,(anonymous_2)
FN:48,(anonymous_3)
FN:52,(anonymous_4)
FN:72,(anonymous_5)
FN:77,(anonymous_6)
FN:80,(anonymous_7)
FNF:8
FNH:5
FNDA:3,(anonymous_0)
FNDA:4,(anonymous_1)
FNDA:0,(anonymous_2)
FNDA:0,(anonymous_3)
FNDA:2,(anonymous_4)
FNDA:2,(anonymous_5)
FNDA:2,(anonymous_6)
FNDA:0,(anonymous_7)
DA:6,3
DA:7,3
DA:8,3
DA:9,3
DA:10,3
DA:11,3
DA:12,3
DA:13,3
DA:14,3
DA:15,3
DA:16,3
DA:18,3
DA:19,4
DA:20,4
DA:21,4
DA:22,4
DA:23,4
DA:24,4
DA:25,4
DA:26,4
DA:27,4
DA:28,4
DA:30,4
DA:31,4
DA:33,4
DA:35,0
DA:44,0
DA:45,0
DA:46,0
DA:48,0
DA:52,3
DA:53,2
DA:54,2
DA:55,2
DA:68,2
DA:69,2
DA:72,3
DA:73,2
DA:74,2
DA:78,2
DA:80,0
LF:41
LH:35
BRDA:30,0,0,4
BRDA:30,0,1,0
BRDA:62,1,0,2
BRDA:62,1,1,2
BRDA:73,2,0,2
BRDA:73,2,1,0
BRF:6
BRH:4
end_of_record
TN:
SF:src\views\Actions.js
FN:4,(anonymous_0)
FNF:1
FNH:1
FNDA:10,(anonymous_0)
DA:5,10
LF:1
LH:1
BRF:0
BRH:0
end_of_record
TN:
SF:src\views\BillsUI.js
FN:7,(anonymous_0)
FN:22,(anonymous_1)
FN:23,(anonymous_2)
FN:26,(anonymous_3)
FN:28,(anonymous_4)
FNF:5
FNH:5
FNDA:8,(anonymous_0)
FNDA:5,(anonymous_1)
FNDA:8,(anonymous_2)
FNDA:11,(anonymous_3)
FNDA:5,(anonymous_4)
DA:7,6
DA:8,8
DA:22,6
DA:23,8
DA:28,11
DA:45,11
DA:46,3
DA:47,8
DA:48,3
DA:51,5
LF:10
LH:10
BRDA:23,0,0,2
BRDA:23,0,1,3
BRDA:23,1,0,5
BRDA:23,1,1,3
BRDA:45,2,0,3
BRDA:45,2,1,8
BRDA:47,3,0,3
BRDA:47,3,1,5
BRF:8
BRH:8
end_of_record
TN:
SF:src\views\DashboardFormUI.js
FN:7,(anonymous_0)
FN:24,(anonymous_1)
FNF:2
FNH:2
FNDA:9,(anonymous_0)
FNDA:9,(anonymous_1)
DA:7,9
DA:26,9
LF:2
LH:2
BRDA:79,0,0,6
BRDA:79,0,1,3
BRDA:92,1,0,6
BRDA:92,1,1,3
BRF:4
BRH:4
end_of_record
TN:
SF:src\views\DashboardUI.js
FN:8,(anonymous_0)
FNF:1
FNH:1
FNDA:27,(anonymous_0)
DA:10,27
DA:11,9
DA:12,18
DA:13,6
DA:16,12
LF:5
LH:5
BRDA:10,0,0,9
BRDA:10,0,1,18
BRDA:12,1,0,6
BRDA:12,1,1,12
BRDA:22,2,0,12
BRDA:22,2,1,7
BRDA:29,3,0,12
BRDA:29,3,1,7
BRDA:36,4,0,12
BRDA:36,4,1,7
BRF:10
BRH:10
end_of_record
TN:
SF:src\views\ErrorPage.js
FN:3,(anonymous_0)
FNF:1
FNH:1
FNDA:11,(anonymous_0)
DA:4,11
LF:1
LH:1
BRDA:12,0,0,10
BRDA:12,0,1,1
BRF:2
BRH:2
end_of_record
TN:
SF:src\views\LoadingPage.js
FN:3,(anonymous_0)
FNF:1
FNH:1
FNDA:13,(anonymous_0)
DA:5,13
LF:1
LH:1
BRF:0
BRH:0
end_of_record
TN:
SF:src\views\LoginUI.js
FN:2,(anonymous_0)
FNF:1
FNH:1
FNDA:17,(anonymous_0)
DA:4,17
LF:1
LH:1
BRF:0
BRH:0
end_of_record
TN:
SF:src\views\NewBillUI.js
FN:3,(anonymous_0)
FNF:1
FNH:1
FNDA:4,(anonymous_0)
DA:5,4
LF:1
LH:1
BRF:0
BRH:0
end_of_record
TN:
SF:src\views\VerticalLayout.js
FN:5,(anonymous_0)
FNF:1
FNH:1
FNDA:46,(anonymous_0)
DA:7,46
DA:8,46
DA:9,33
DA:11,46
DA:12,17
DA:29,29
LF:6
LH:6
BRDA:8,0,0,33
BRDA:8,0,1,13
BRDA:11,1,0,17
BRDA:11,1,1,29
BRDA:11,2,0,46
BRDA:11,2,1,33
BRF:6
BRH:6
end_of_record
